[01:13:40] [main/INFO]: Loading for game Minecraft 1.16.3
[01:13:41] [ForkJoinPool-1-worker-2/WARN]: The mod "autoconfig1u" contains invalid entries in its mod json:
- Unsupported root entry "$schema" at line 2 column 14
[01:13:41] [ForkJoinPool-1-worker-2/WARN]: "fabric.mod.json" from mod autoconfig1u did not have "schemaVersion" as first field.
[01:13:41] [main/INFO]: [FabricLoader] Loading 4 mods: minecraft@1.16.3, fabricproxy@1.3.3, autoconfig1u@2.2.0, fabricloader@0.10.2+build.210
[01:13:41] [main/INFO]: SpongePowered MIXIN Subsystem Version=0.8.2 Source=file:/data/fabric-server-launch.jar Service=Knot/Fabric Env=SERVER
[01:13:54] [main/INFO]: Environment: authHost='https://authserver.mojang.com', accountsHost='https://api.mojang.com', sessionHost='https://sessionserver.mojang.com', name='PROD'
[01:13:56] [main/WARN]: Ambiguity between arguments [teleport, destination] and [teleport, targets] with inputs: [Player, 0123, @e, dd12be42-52a9-4a91-a8a1-11c01849e498]
[01:13:56] [main/WARN]: Ambiguity between arguments [teleport, location] and [teleport, destination] with inputs: [0.1 -0.5 .9, 0 0 0]
[01:13:56] [main/WARN]: Ambiguity between arguments [teleport, location] and [teleport, targets] with inputs: [0.1 -0.5 .9, 0 0 0]
[01:13:56] [main/WARN]: Ambiguity between arguments [teleport, targets] and [teleport, destination] with inputs: [Player, 0123, dd12be42-52a9-4a91-a8a1-11c01849e498]
[01:13:56] [main/WARN]: Ambiguity between arguments [teleport, targets, location] and [teleport, targets, destination] with inputs: [0.1 -0.5 .9, 0 0 0]
[01:13:56] [main/INFO]: Reloading ResourceManager: Default
[01:13:57] [Worker-Main-5/INFO]: Loaded 7 recipes
[01:13:58] [Worker-Main-5/INFO]: Loaded 927 advancements
[01:14:02] [Server thread/INFO]: Starting minecraft server version 1.16.3
[01:14:02] [Server thread/INFO]: Loading properties
[01:14:02] [Server thread/INFO]: Default game type: SURVIVAL
[01:14:02] [Server thread/INFO]: Generating keypair
[01:14:03] [Server thread/INFO]: Starting Minecraft server on *:25565
[01:14:03] [Server thread/INFO]: Using epoll channel type
[01:14:04] [Server thread/WARN]: **** SERVER IS RUNNING IN OFFLINE/INSECURE MODE!
[01:14:04] [Server thread/WARN]: The server will make no attempt to authenticate usernames. Beware.
[01:14:04] [Server thread/WARN]: While this makes the game possible to play without internet access, it also opens up the ability for hackers to connect with any username they choose.
[01:14:04] [Server thread/WARN]: To change this, set "online-mode" to "true" in the server.properties file.
[01:14:06] [Server thread/INFO]: Preparing level "world"
[01:14:07] [Server thread/INFO]: Preparing start region for dimension minecraft:overworld
[01:14:10] [Server thread/INFO]: Preparing spawn area: 0%
[01:14:10] [Server thread/INFO]: Preparing spawn area: 0%
[01:14:10] [Server thread/INFO]: Preparing spawn area: 0%
[01:14:10] [Server thread/INFO]: Preparing spawn area: 0%
[01:14:10] [Server thread/INFO]: Preparing spawn area: 0%
[01:14:10] [Server thread/INFO]: Preparing spawn area: 0%
[01:14:10] [Server thread/INFO]: Preparing spawn area: 2%
[01:14:15] [Worker-Main-7/INFO]: Preparing spawn area: 83%
[01:14:15] [Worker-Main-7/INFO]: Preparing spawn area: 83%
[01:14:15] [Worker-Main-6/INFO]: Preparing spawn area: 83%
[01:14:15] [Worker-Main-7/INFO]: Preparing spawn area: 83%
[01:14:15] [Worker-Main-8/INFO]: Preparing spawn area: 83%
[01:14:15] [Worker-Main-7/INFO]: Preparing spawn area: 83%
[01:14:15] [Worker-Main-6/INFO]: Preparing spawn area: 83%
[01:14:15] [Worker-Main-8/INFO]: Preparing spawn area: 83%
[01:14:15] [Worker-Main-7/INFO]: Preparing spawn area: 83%
[01:14:15] [Worker-Main-7/INFO]: Preparing spawn area: 83%
[01:14:16] [Worker-Main-8/INFO]: Preparing spawn area: 83%
[01:14:16] [Worker-Main-8/INFO]: Preparing spawn area: 83%
[01:14:17] [Worker-Main-6/INFO]: Preparing spawn area: 83%
[01:14:17] [Worker-Main-7/INFO]: Preparing spawn area: 83%
[01:14:18] [Worker-Main-8/INFO]: Preparing spawn area: 85%
[01:14:18] [Worker-Main-6/INFO]: Preparing spawn area: 88%
[01:14:19] [Worker-Main-6/INFO]: Preparing spawn area: 89%
[01:14:19] [Worker-Main-7/INFO]: Preparing spawn area: 91%
[01:14:20] [Server thread/INFO]: Preparing spawn area: 96%
[01:14:20] [Server thread/INFO]: Time elapsed: 12579 ms
[01:14:20] [Server thread/INFO]: Done (13.380s)! For help, type "help"
[01:14:20] [Server thread/INFO]: Starting remote control listener
[01:14:20] [Server thread/INFO]: Thread RCON Listener started
[01:14:20] [Server thread/INFO]: RCON running on 0.0.0.0:25575
[01:14:46] [Server thread/INFO]: Kumpy[/172.24.0.1:45769] logged in with entity id 108 at (140.5, 64.0, 257.5)
[01:14:46] [Server thread/INFO]: Kumpy joined the game
[01:15:09] [Server thread/INFO]: Kumpy lost connection: Disconnected
[01:15:09] [Server thread/INFO]: Kumpy left the game
[01:23:39] [Server thread/INFO]: Kumpy[/172.24.0.1:34067] logged in with entity id 229 at (139.2587507919556, 64.0, 259.5488434349493)
[01:23:39] [Server thread/INFO]: Kumpy joined the game
[01:23:42] [Server thread/INFO]: Kumpy lost connection: Disconnected
[01:23:42] [Server thread/INFO]: Kumpy left the game
